<?xml version="1.0" encoding="UTF-8"?>
<!-- Generated by org.testng.reporters.JUnitXMLReporter -->
<testsuite ignored="0" hostname="srujanas-MBP.attlocal.net" failures="1" tests="1" name="Salesforce Tests(failed)(failed)(failed)(failed)(failed)" time="1.994" errors="0" timestamp="2024-07-21T22:07:24 CDT">
  <testcase classname="io.cucumber.testng.AbstractTestNGCucumberTests" name="runScenario" time="0.957">
    <failure type="io.cucumber.core.exception.CucumberException" message="Step [I open the Salesforce login page] is defined with 1 parameters at &amp;apos;com.maven.salesforce.stepDefinitions.SalesforceLoginSteps.iOpenTheSalesforceLoginPage(java.lang.String)&amp;apos;.
However, the gherkin step has 0 arguments.
Step text: I open the Salesforce login page">
      <![CDATA[io.cucumber.core.exception.CucumberException: Step [I open the Salesforce login page] is defined with 1 parameters at 'com.maven.salesforce.stepDefinitions.SalesforceLoginSteps.iOpenTheSalesforceLoginPage(java.lang.String)'.
However, the gherkin step has 0 arguments.
Step text: I open the Salesforce login page
at io.cucumber.core.runner.PickleStepDefinitionMatch.arityMismatch(PickleStepDefinitionMatch.java:83)
at io.cucumber.core.runner.PickleStepDefinitionMatch.runStep(PickleStepDefinitionMatch.java:42)
at io.cucumber.core.runner.ExecutionMode$1.execute(ExecutionMode.java:10)
at io.cucumber.core.runner.TestStep.executeStep(TestStep.java:84)
at io.cucumber.core.runner.TestStep.run(TestStep.java:56)
at io.cucumber.core.runner.PickleStepTestStep.run(PickleStepTestStep.java:51)
at io.cucumber.core.runner.TestCase.run(TestCase.java:84)
at io.cucumber.core.runner.Runner.runPickle(Runner.java:75)
at io.cucumber.testng.TestNGCucumberRunner.lambda$runScenario$1(TestNGCucumberRunner.java:132)
at io.cucumber.core.runtime.CucumberExecutionContext.lambda$runTestCase$5(CucumberExecutionContext.java:137)
at io.cucumber.core.runtime.RethrowingThrowableCollector.executeAndThrow(RethrowingThrowableCollector.java:23)
at io.cucumber.core.runtime.CucumberExecutionContext.runTestCase(CucumberExecutionContext.java:137)
at io.cucumber.testng.TestNGCucumberRunner.runScenario(TestNGCucumberRunner.java:129)
at io.cucumber.testng.AbstractTestNGCucumberTests.runScenario(AbstractTestNGCucumberTests.java:35)
at java.base/java.util.ArrayList.forEach(ArrayList.java:1596)
... Removed 25 stack frames]]>
    </failure>
  </testcase> <!-- runScenario -->
</testsuite> <!-- Salesforce Tests(failed)(failed)(failed)(failed)(failed) -->
